ERROR - 2022-11-25 20:01:30 --> Error connecting to the database: mysqli_sql_exception: Access denied for user 'root'@'localhost' (using password: YES) in C:\xampp\htdocs\system_borrow_ci4\system\Database\MySQLi\Connection.php:171
Stack trace:
#0 C:\xampp\htdocs\system_borrow_ci4\system\Database\MySQLi\Connection.php(171): mysqli->real_connect('localhost', 'root', 'admin@1234', 'system_borrow_c...', 3306, '', 0)
#1 C:\xampp\htdocs\system_borrow_ci4\system\Database\BaseConnection.php(382): CodeIgniter\Database\MySQLi\Connection->connect(false)
#2 C:\xampp\htdocs\system_borrow_ci4\system\Database\BaseConnection.php(561): CodeIgniter\Database\BaseConnection->initialize()
#3 C:\xampp\htdocs\system_borrow_ci4\system\Database\BaseConnection.php(1360): CodeIgniter\Database\BaseConnection->query('SHOW TABLES FRO...')
#4 C:\xampp\htdocs\system_borrow_ci4\system\Database\BaseConnection.php(1394): CodeIgniter\Database\BaseConnection->listTables()
#5 C:\xampp\htdocs\system_borrow_ci4\system\Database\MigrationRunner.php(759): CodeIgniter\Database\BaseConnection->tableExists('migrations')
#6 C:\xampp\htdocs\system_borrow_ci4\system\Database\MigrationRunner.php(167): CodeIgniter\Database\MigrationRunner->ensureTable()
#7 C:\xampp\htdocs\system_borrow_ci4\system\Commands\Database\Migrate.php(84): CodeIgniter\Database\MigrationRunner->latest(NULL)
#8 C:\xampp\htdocs\system_borrow_ci4\system\CLI\Commands.php(63): CodeIgniter\Commands\Database\Migrate->run(Array)
#9 C:\xampp\htdocs\system_borrow_ci4\system\CLI\CommandRunner.php(65): CodeIgniter\CLI\Commands->run('migrate', Array)
#10 C:\xampp\htdocs\system_borrow_ci4\system\CLI\CommandRunner.php(51): CodeIgniter\CLI\CommandRunner->index(Array)
#11 C:\xampp\htdocs\system_borrow_ci4\system\CodeIgniter.php(920): CodeIgniter\CLI\CommandRunner->_remap('index', Array)
#12 C:\xampp\htdocs\system_borrow_ci4\system\CodeIgniter.php(482): CodeIgniter\CodeIgniter->runController(Object(CodeIgniter\CLI\CommandRunner))
#13 C:\xampp\htdocs\system_borrow_ci4\system\CodeIgniter.php(347): CodeIgniter\CodeIgniter->handleRequest(NULL, Object(Config\Cache), false)
#14 C:\xampp\htdocs\system_borrow_ci4\system\CLI\Console.php(48): CodeIgniter\CodeIgniter->run()
#15 C:\xampp\htdocs\system_borrow_ci4\spark(98): CodeIgniter\CLI\Console->run()
#16 {main}

Next CodeIgniter\Database\Exceptions\DatabaseException: Access denied for user '****'@'localhost' (using password: YES) in C:\xampp\htdocs\system_borrow_ci4\system\Database\MySQLi\Connection.php:215
Stack trace:
#0 C:\xampp\htdocs\system_borrow_ci4\system\Database\BaseConnection.php(382): CodeIgniter\Database\MySQLi\Connection->connect(false)
#1 C:\xampp\htdocs\system_borrow_ci4\system\Database\BaseConnection.php(561): CodeIgniter\Database\BaseConnection->initialize()
#2 C:\xampp\htdocs\system_borrow_ci4\system\Database\BaseConnection.php(1360): CodeIgniter\Database\BaseConnection->query('SHOW TABLES FRO...')
#3 C:\xampp\htdocs\system_borrow_ci4\system\Database\BaseConnection.php(1394): CodeIgniter\Database\BaseConnection->listTables()
#4 C:\xampp\htdocs\system_borrow_ci4\system\Database\MigrationRunner.php(759): CodeIgniter\Database\BaseConnection->tableExists('migrations')
#5 C:\xampp\htdocs\system_borrow_ci4\system\Database\MigrationRunner.php(167): CodeIgniter\Database\MigrationRunner->ensureTable()
#6 C:\xampp\htdocs\system_borrow_ci4\system\Commands\Database\Migrate.php(84): CodeIgniter\Database\MigrationRunner->latest(NULL)
#7 C:\xampp\htdocs\system_borrow_ci4\system\CLI\Commands.php(63): CodeIgniter\Commands\Database\Migrate->run(Array)
#8 C:\xampp\htdocs\system_borrow_ci4\system\CLI\CommandRunner.php(65): CodeIgniter\CLI\Commands->run('migrate', Array)
#9 C:\xampp\htdocs\system_borrow_ci4\system\CLI\CommandRunner.php(51): CodeIgniter\CLI\CommandRunner->index(Array)
#10 C:\xampp\htdocs\system_borrow_ci4\system\CodeIgniter.php(920): CodeIgniter\CLI\CommandRunner->_remap('index', Array)
#11 C:\xampp\htdocs\system_borrow_ci4\system\CodeIgniter.php(482): CodeIgniter\CodeIgniter->runController(Object(CodeIgniter\CLI\CommandRunner))
#12 C:\xampp\htdocs\system_borrow_ci4\system\CodeIgniter.php(347): CodeIgniter\CodeIgniter->handleRequest(NULL, Object(Config\Cache), false)
#13 C:\xampp\htdocs\system_borrow_ci4\system\CLI\Console.php(48): CodeIgniter\CodeIgniter->run()
#14 C:\xampp\htdocs\system_borrow_ci4\spark(98): CodeIgniter\CLI\Console->run()
#15 {main}
